<?xml version="1.0" encoding="UTF-8"?>
<robot generator="Robot 7.0 (Python 3.12.3 on win32)" generated="2024-06-06T16:56:21.307835" rpa="false" schemaversion="5">
<suite id="s1" name="Createreq" source="c:\Users\michael.real\OneDrive - SM\Desktop\Zycus_Automation\tests\eProc\createreq.robot">
<test id="s1-t1" name="Valid Login" line="10">
<kw name="Input Valid Login" owner="keywords">
<kw name="Open Browser To Login Page" owner="keywords">
<kw name="Open Browser" owner="SeleniumLibrary">
<msg time="2024-06-06T16:56:22.029277" level="INFO">Opening browser 'Chrome' to base url 'https://dewdrops-staging.zycus.com/home/auth'.</msg>
<msg time="2024-06-06T16:56:25.979559" level="WARN">The chromedriver version (124.0.6367.155) detected in PATH at C:\Users\michael.real\OneDrive - SM\Desktop\Zycus_Automation\chromedriver.exe might not be compatible with the detected chrome version (125.0.6422.142); currently, chromedriver 125.0.6422.141 is recommended for chrome 125.*, so it is advised to delete the driver in PATH and retry</msg>
<arg>${LOGIN URL}</arg>
<arg>${BROWSER}</arg>
<doc>Opens a new browser instance to the optional ``url``.</doc>
<status status="PASS" start="2024-06-06T16:56:22.029277" elapsed="11.971041"/>
</kw>
<status status="PASS" start="2024-06-06T16:56:22.029277" elapsed="11.971537"/>
</kw>
<kw name="Set Screenshot Directory" owner="SeleniumLibrary">
<arg>${SCREENSHOT_PATH}</arg>
<doc>Sets the directory for captured screenshots.</doc>
<status status="PASS" start="2024-06-06T16:56:34.001807" elapsed="0.002614"/>
</kw>
<kw name="Wait Browser Load" owner="keywords">
<kw name="Set Browser Implicit Wait" owner="SeleniumLibrary">
<arg>30</arg>
<doc>Sets the implicit wait value used by Selenium.</doc>
<status status="PASS" start="2024-06-06T16:56:34.009710" elapsed="0.024393"/>
</kw>
<status status="PASS" start="2024-06-06T16:56:34.008220" elapsed="0.026680"/>
</kw>
<kw name="Input Username" owner="keywords">
<kw name="Input Text" owner="SeleniumLibrary">
<msg time="2024-06-06T16:56:34.044152" level="INFO">Typing text 'michael.real@sminvestments.com' into text field 'class=au--username'.</msg>
<arg>class=au--username</arg>
<arg>${username}</arg>
<doc>Types the given ``text`` into the text field identified by ``locator``.</doc>
<status status="PASS" start="2024-06-06T16:56:34.043020" elapsed="4.262640"/>
</kw>
<arg>${EMAIL}</arg>
<status status="PASS" start="2024-06-06T16:56:34.038384" elapsed="4.268269"/>
</kw>
<kw name="Input User Password" owner="keywords">
<kw name="Input Text" owner="SeleniumLibrary">
<msg time="2024-06-06T16:56:38.309632" level="INFO">Typing text 'BoViIuBoWoFuFaHuNuBoJuEi7#' into text field 'class=au--password'.</msg>
<arg>class=au--password</arg>
<arg>${password}</arg>
<doc>Types the given ``text`` into the text field identified by ``locator``.</doc>
<status status="PASS" start="2024-06-06T16:56:38.308640" elapsed="0.578923"/>
</kw>
<arg>${PASS}</arg>
<status status="PASS" start="2024-06-06T16:56:38.307150" elapsed="0.581213"/>
</kw>
<kw name="Submit Credentials" owner="keywords">
<kw name="Click Button" owner="SeleniumLibrary">
<msg time="2024-06-06T16:56:38.892071" level="INFO">Clicking button 'class=action'.</msg>
<arg>class=action</arg>
<doc>Clicks the button identified by ``locator``.</doc>
<status status="PASS" start="2024-06-06T16:56:38.890835" elapsed="0.259997"/>
</kw>
<status status="PASS" start="2024-06-06T16:56:38.888950" elapsed="0.263155"/>
</kw>
<kw name="Welcome Page Should Be Open" owner="keywords">
<kw name="Element Should Contain" owner="SeleniumLibrary">
<msg time="2024-06-06T16:56:49.676526" level="INFO">Element 'class=au--welcome' contains text 'What would you like to do today?'.</msg>
<arg>class=au--welcome</arg>
<arg>What would you like to do today?</arg>
<doc>Verifies that element ``locator`` contains text ``expected``.</doc>
<status status="PASS" start="2024-06-06T16:56:39.156576" elapsed="10.519950"/>
</kw>
<status status="PASS" start="2024-06-06T16:56:39.154092" elapsed="10.524519"/>
</kw>
<arg>${BULK_UPLOAD_SCREENSHOT_PATH}</arg>
<arg>${USER1}</arg>
<arg>${USER1 PASS}</arg>
<status status="PASS" start="2024-06-06T16:56:22.029277" elapsed="27.650143"/>
</kw>
<status status="PASS" start="2024-06-06T16:56:22.029277" elapsed="27.653191"/>
</test>
<test id="s1-t2" name="Online Store" line="12">
<kw name="Click Hamburger Menu" owner="keywords">
<kw name="Click Element" owner="SeleniumLibrary">
<msg time="2024-06-06T16:56:49.689868" level="INFO">Clicking element 'class=au--sideMenu'.</msg>
<arg>class=au--sideMenu</arg>
<doc>Click the element identified by ``locator``.</doc>
<status status="PASS" start="2024-06-06T16:56:49.688874" elapsed="0.264881"/>
</kw>
<status status="PASS" start="2024-06-06T16:56:49.687884" elapsed="0.266452"/>
</kw>
<kw name="Click Module" owner="keywords">
<kw name="Click Element" owner="SeleniumLibrary">
<msg time="2024-06-06T16:56:49.964423" level="INFO">Clicking element 'Xpath://li[@title='eProc']'.</msg>
<arg>Xpath://li[@title='${module}']</arg>
<doc>Click the element identified by ``locator``.</doc>
<status status="PASS" start="2024-06-06T16:56:49.963927" elapsed="3.036152"/>
</kw>
<arg>eProc</arg>
<status status="PASS" start="2024-06-06T16:56:49.962354" elapsed="3.038717"/>
</kw>
<kw name="Click Sub-module" owner="keywords">
<kw name="Click Element" owner="SeleniumLibrary">
<msg time="2024-06-06T16:56:53.020216" level="INFO">Clicking element '//span[.//text() = 'Online Store']'.</msg>
<arg>//span[.//text() = '${sub_module}']</arg>
<doc>Click the element identified by ``locator``.</doc>
<status status="PASS" start="2024-06-06T16:56:53.018665" elapsed="4.345119"/>
</kw>
<kw name="Sleep" owner="BuiltIn">
<msg time="2024-06-06T16:57:02.385980" level="INFO">Slept 5 seconds.</msg>
<arg>5</arg>
<doc>Pauses the test executed for the given time.</doc>
<status status="PASS" start="2024-06-06T16:56:57.364281" elapsed="5.023189"/>
</kw>
<arg>Online Store</arg>
<status status="PASS" start="2024-06-06T16:56:53.017175" elapsed="9.370794"/>
</kw>
<kw name="Wait Browser Load" owner="keywords">
<kw name="Set Browser Implicit Wait" owner="SeleniumLibrary">
<arg>30</arg>
<doc>Sets the implicit wait value used by Selenium.</doc>
<status status="PASS" start="2024-06-06T16:57:02.452894" elapsed="0.022277"/>
</kw>
<status status="PASS" start="2024-06-06T16:57:02.423787" elapsed="0.051881"/>
</kw>
<kw name="Verify Title" owner="keywords">
<kw name="Wait Browser Load" owner="keywords">
<kw name="Set Browser Implicit Wait" owner="SeleniumLibrary">
<arg>30</arg>
<doc>Sets the implicit wait value used by Selenium.</doc>
<status status="PASS" start="2024-06-06T16:57:02.485062" elapsed="0.007486"/>
</kw>
<status status="PASS" start="2024-06-06T16:57:02.484114" elapsed="0.009870"/>
</kw>
<kw name="Title Should Be" owner="SeleniumLibrary">
<msg time="2024-06-06T16:57:02.731721" level="INFO">Page title is 'Zycus'.</msg>
<arg>${title}</arg>
<doc>Verifies that the current page title equals ``title``.</doc>
<status status="PASS" start="2024-06-06T16:57:02.494479" elapsed="0.238377"/>
</kw>
<arg>Zycus</arg>
<status status="PASS" start="2024-06-06T16:57:02.480484" elapsed="0.253142"/>
</kw>
<kw name="Click Create Request Button" owner="create-requisition-keywords">
<kw name="Click Element" owner="SeleniumLibrary">
<msg time="2024-06-06T16:57:02.935987" level="INFO">Clicking element '//div[@id='app-root-container']/div/div/div/dew-route-loader/div[2]/eproc-online-store/dew-page-wrapper/div/dew-spotlight/div/div[3]/div/div[2]/div/div/eproc-main-search/div[2]/span[2]'.</msg>
<arg>${Create_Request_xpath}</arg>
<doc>Click the element identified by ``locator``.</doc>
<status status="PASS" start="2024-06-06T16:57:02.934993" elapsed="5.096932"/>
</kw>
<status status="PASS" start="2024-06-06T16:57:02.932513" elapsed="5.099412"/>
</kw>
<kw name="Input Text" owner="SeleniumLibrary">
<msg time="2024-06-06T16:57:08.031925" level="INFO">Typing text 'test 1' into text field '//*[@id="grid-input"]/div/div[1]/input'.</msg>
<arg>//*[@id="grid-input"]/div/div[1]/input</arg>
<arg>test 1</arg>
<doc>Types the given ``text`` into the text field identified by ``locator``.</doc>
<status status="PASS" start="2024-06-06T16:57:08.031925" elapsed="3.405684"/>
</kw>
<kw name="Sleep" owner="BuiltIn">
<msg time="2024-06-06T16:57:14.447114" level="INFO">Slept 3 seconds.</msg>
<arg>3</arg>
<doc>Pauses the test executed for the given time.</doc>
<status status="PASS" start="2024-06-06T16:57:11.442895" elapsed="3.004219"/>
</kw>
<kw name="Click Add item / Service" owner="create-requisition-keywords">
<kw name="Click Element" owner="SeleniumLibrary">
<msg time="2024-06-06T16:57:14.447114" level="INFO">Clicking element '//*[@id="grid-input"]/div/div[2]/div[2]/dew-btn/button/div/span'.</msg>
<arg>${Add item_Service_xpath}</arg>
<doc>Click the element identified by ``locator``.</doc>
<status status="PASS" start="2024-06-06T16:57:14.447114" elapsed="0.431401"/>
</kw>
<status status="PASS" start="2024-06-06T16:57:14.447114" elapsed="0.431401"/>
</kw>
<kw name="Input Text" owner="SeleniumLibrary">
<msg time="2024-06-06T16:57:14.882397" level="INFO">Typing text 'Uniforms' into text field '//*[@id="app-root-container"]/div/div/div/dew-route-loader/div[2]/eproc-guided-procurement/eproc-create-guided-item-dialog/form/dew-modal/div[2]/div/div[2]/dew-modal-body/div/dew-row[1]/dew-col[2]/dew-input-container/dew-typeahead/div/div[1]/input'.</msg>
<arg>//*[@id="app-root-container"]/div/div/div/dew-route-loader/div[2]/eproc-guided-procurement/eproc-create-guided-item-dialog/form/dew-modal/div[2]/div/div[2]/dew-modal-body/div/dew-row[1]/dew-col[2]/dew-input-container/dew-typeahead/div/div[1]/input</arg>
<arg>Uniforms</arg>
<doc>Types the given ``text`` into the text field identified by ``locator``.</doc>
<status status="PASS" start="2024-06-06T16:57:14.881484" elapsed="0.374800"/>
</kw>
<kw name="Wait Until Element Is Visible" owner="SeleniumLibrary">
<arg>${Category_xpath}</arg>
<doc>Waits until the element ``locator`` is visible.</doc>
<status status="PASS" start="2024-06-06T16:57:15.256284" elapsed="1.646651"/>
</kw>
<kw name="Click Category" owner="create-requisition-keywords">
<kw name="Click Element" owner="SeleniumLibrary">
<msg time="2024-06-06T16:57:16.902935" level="INFO">Clicking element '//*[@id="app-root-container"]/div/div/div/dew-route-loader/div[2]/eproc-guided-procurement/eproc-create-guided-item-dialog/form/dew-modal/div[2]/div/div[2]/dew-modal-body/div/dew-row[1]/dew-col[2]/dew-input-container/dew-typeahead/div/div[2]/div/div/div'.</msg>
<arg>${Category_xpath}</arg>
<doc>Click the element identified by ``locator``.</doc>
<status status="PASS" start="2024-06-06T16:57:16.902935" elapsed="0.209903"/>
</kw>
<status status="PASS" start="2024-06-06T16:57:16.902935" elapsed="0.209903"/>
</kw>
<kw name="Wait Until Element Is Visible" owner="SeleniumLibrary">
<arg>${eForm_xpath}</arg>
<doc>Waits until the element ``locator`` is visible.</doc>
<status status="PASS" start="2024-06-06T16:57:17.112838" elapsed="1.028527"/>
</kw>
<kw name="Click eForm1" owner="create-requisition-keywords">
<kw name="Click Element" owner="SeleniumLibrary">
<msg time="2024-06-06T16:57:18.145040" level="INFO">Clicking element '//*[@id="app-root-container"]/div/div/div/dew-route-loader/div[2]/eproc-guided-procurement/eproc-create-guided-item-dialog/form/dew-modal/div[2]/div/div[2]/dew-modal-body/div/dew-row[1]/dew-col[4]/dew-input-container/dew-select/dew-dropdown/div/div/dew-dropdown-trigger/p'.</msg>
<arg>${eForm_value1_xpath}</arg>
<doc>Click the element identified by ``locator``.</doc>
<status status="PASS" start="2024-06-06T16:57:18.145040" elapsed="0.193578"/>
</kw>
<status status="PASS" start="2024-06-06T16:57:18.145040" elapsed="0.194251"/>
</kw>
<kw name="Click eForm2" owner="create-requisition-keywords">
<kw name="Click Element" owner="SeleniumLibrary">
<msg time="2024-06-06T16:57:18.342036" level="INFO">Clicking element '//*[@id="cdk-overlay-16"]/div[2]/div/div[2]'.</msg>
<msg time="2024-06-06T16:57:48.700134" level="INFO" html="true">&lt;/td&gt;&lt;/tr&gt;&lt;tr&gt;&lt;td colspan="3"&gt;&lt;a href="screenshots/bulk-upload-screenshots/selenium-screenshot-15.png"&gt;&lt;img src="screenshots/bulk-upload-screenshots/selenium-screenshot-15.png" width="800px"&gt;&lt;/a&gt;</msg>
<msg time="2024-06-06T16:57:48.701855" level="FAIL">Element with locator '//*[@id="cdk-overlay-16"]/div[2]/div/div[2]' not found.</msg>
<arg>${eForm_value2_xpath}</arg>
<doc>Click the element identified by ``locator``.</doc>
<status status="FAIL" start="2024-06-06T16:57:18.342036" elapsed="30.406625">Element with locator '//*[@id="cdk-overlay-16"]/div[2]/div/div[2]' not found.</status>
</kw>
<status status="FAIL" start="2024-06-06T16:57:18.340323" elapsed="30.410561">Element with locator '//*[@id="cdk-overlay-16"]/div[2]/div/div[2]' not found.</status>
</kw>
<kw name="Click Sourcing Status" owner="create-requisition-keywords">
<status status="NOT RUN" start="2024-06-06T16:57:48.753431" elapsed="0.000499"/>
</kw>
<kw name="Input Text" owner="SeleniumLibrary">
<arg>//*[@id="app-root-container"]/div/div/div/dew-route-loader/div[2]/eproc-guided-procurement/eproc-create-guided-item-dialog/form/dew-modal/div[2]/div/div[2]/dew-modal-body/div/dew-row[5]/dew-col/div[1]/div[1]/dew-input-container/div[2]/input</arg>
<arg>100</arg>
<doc>Types the given ``text`` into the text field identified by ``locator``.</doc>
<status status="NOT RUN" start="2024-06-06T16:57:48.755731" elapsed="0.000507"/>
</kw>
<kw name="Input Text" owner="SeleniumLibrary">
<arg>//*[@id="app-root-container"]/div/div/div/dew-route-loader/div[2]/eproc-guided-procurement/eproc-create-guided-item-dialog/form/dew-modal/div[2]/div/div[2]/dew-modal-body/div/dew-row[5]/dew-col/div[1]/div[3]/dew-input-container/div[2]/div/input</arg>
<arg>20</arg>
<doc>Types the given ``text`` into the text field identified by ``locator``.</doc>
<status status="NOT RUN" start="2024-06-06T16:57:48.759785" elapsed="0.000000"/>
</kw>
<kw name="Click Next" owner="create-requisition-keywords">
<status status="NOT RUN" start="2024-06-06T16:57:48.763936" elapsed="0.001030"/>
</kw>
<kw name="Wait Until Element Is Visible" owner="SeleniumLibrary">
<arg>//*[@id="app-root-container"]/div/div/div/dew-route-loader/div[2]/eproc-guided-procurement/eproc-create-guided-item-dialog/form/eproc-category-eform-requirement-details/dew-modal/div[2]/div/div[3]/dew-modal-footer/div/dew-btn/button/div/span</arg>
<doc>Waits until the element ``locator`` is visible.</doc>
<status status="NOT RUN" start="2024-06-06T16:57:48.767035" elapsed="0.000499"/>
</kw>
<kw name="Click Element" owner="SeleniumLibrary">
<arg>//*[@id="app-root-container"]/div/div/div/dew-route-loader/div[2]/eproc-guided-procurement/eproc-create-guided-item-dialog/form/eproc-category-eform-requirement-details/dew-modal/div[2]/div/div[3]/dew-modal-footer/div/dew-btn/button/div/span</arg>
<doc>Click the element identified by ``locator``.</doc>
<status status="NOT RUN" start="2024-06-06T16:57:48.767534" elapsed="0.000000"/>
</kw>
<kw name="Input Text" owner="SeleniumLibrary">
<arg>//*[@id="supplierName"]</arg>
<arg>Zenshin</arg>
<doc>Types the given ``text`` into the text field identified by ``locator``.</doc>
<status status="NOT RUN" start="2024-06-06T16:57:48.767534" elapsed="0.000000"/>
</kw>
<kw name="Wait Until Element Is Visible" owner="SeleniumLibrary">
<arg>${Supplier_first_xpath}</arg>
<doc>Waits until the element ``locator`` is visible.</doc>
<status status="NOT RUN" start="2024-06-06T16:57:48.767534" elapsed="0.000000"/>
</kw>
<kw name="Click First Supplier" owner="create-requisition-keywords">
<status status="NOT RUN" start="2024-06-06T16:57:48.767534" elapsed="0.000000"/>
</kw>
<kw name="Click Add details" owner="create-requisition-keywords">
<status status="NOT RUN" start="2024-06-06T16:57:48.779245" elapsed="0.001066"/>
</kw>
<kw name="Click Supplier address" owner="create-requisition-keywords">
<status status="NOT RUN" start="2024-06-06T16:57:48.781521" elapsed="0.001026"/>
</kw>
<kw name="Click Supplier 1st value" owner="create-requisition-keywords">
<status status="NOT RUN" start="2024-06-06T16:57:48.783043" elapsed="0.000000"/>
</kw>
<kw name="Wait Until Element Is Visible" owner="SeleniumLibrary">
<arg>//*[@id="app-root-container"]/div/div/div/dew-route-loader/div[2]/eproc-guided-procurement/dew-page-wrapper/div/div/dew-page-content/form/div/dew-block/div[1]/div/dew-row[1]/dew-col[1]/dew-row/dew-col[3]/eproc-autocomplete-supplier/eproc-supplier-detail-dialog/dew-modal/div[2]/div/div[2]/dew-modal-body/div/div/div/dew-row[2]/dew-col[1]/dew-input-container/dew-typeahead/div/div[1]/input</arg>
<doc>Waits until the element ``locator`` is visible.</doc>
<status status="NOT RUN" start="2024-06-06T16:57:48.787006" elapsed="0.000000"/>
</kw>
<kw name="Click Done Btn" owner="create-requisition-keywords">
<status status="NOT RUN" start="2024-06-06T16:57:48.790208" elapsed="0.000000"/>
</kw>
<kw name="Click Checkout Btn" owner="create-requisition-keywords">
<status status="NOT RUN" start="2024-06-06T16:57:48.792795" elapsed="0.001929"/>
</kw>
<status status="FAIL" start="2024-06-06T16:56:49.686210" elapsed="59.109398">Element with locator '//*[@id="cdk-overlay-16"]/div[2]/div/div[2]' not found.</status>
</test>
<doc>Create Requisition</doc>
<status status="FAIL" start="2024-06-06T16:56:21.324840" elapsed="87.470768"/>
</suite>
<statistics>
<total>
<stat pass="1" fail="1" skip="0">All Tests</stat>
</total>
<tag>
</tag>
<suite>
<stat pass="1" fail="1" skip="0" id="s1" name="Createreq">Createreq</stat>
</suite>
</statistics>
<errors>
<msg time="2024-06-06T16:56:25.979559" level="WARN">The chromedriver version (124.0.6367.155) detected in PATH at C:\Users\michael.real\OneDrive - SM\Desktop\Zycus_Automation\chromedriver.exe might not be compatible with the detected chrome version (125.0.6422.142); currently, chromedriver 125.0.6422.141 is recommended for chrome 125.*, so it is advised to delete the driver in PATH and retry</msg>
</errors>
</robot>
